c:\users\bugra\desktop\cubeproject - 2\sampleopenglproject\debug\vc140.pdb
c:\users\bugra\desktop\cubeproject - 2\sampleopenglproject\debug\vc140.ıdb
c:\users\bugra\desktop\cubeproject - 2\sampleopenglproject\debug\ınıtshader.obj
c:\users\bugra\desktop\cubeproject - 2\sampleopenglproject\debug\source.obj
c:\users\bugra\desktop\cubeproject - 2\debug\sampleopenglproject.ılk
c:\users\bugra\desktop\cubeproject - 2\debug\sampleopenglproject.exe
c:\users\bugra\desktop\cubeproject - 2\debug\sampleopenglproject.pdb
c:\users\bugra\desktop\cubeproject - 2 - kopya\sampleopenglproject\debug\ınitshader.obj
c:\users\bugra\desktop\cubeproject - 2 - kopya\sampleopenglproject\debug\source.obj
c:\users\bugra\desktop\cubeproject - 2 - kopya\sampleopenglproject\debug\vc140.idb
c:\users\bugra\desktop\cubeproject - 2 - kopya\sampleopenglproject\debug\vc140.pdb
c:\users\bugra\desktop\cubeproject - 2 - kopya\debug\sampleopenglproject.pdb
c:\users\bugra\desktop\cubeproject - 2 - kopya\debug\sampleopenglproject.exe
c:\users\bugra\desktop\cubeproject - 2 - kopya\debug\sampleopenglproject.ilk
c:\users\bugra\desktop\cubeproject - 2 - kopya\sampleopenglproject\debug\sampleop.c4ab5d61.tlog\cl.command.1.tlog
c:\users\bugra\desktop\cubeproject - 2 - kopya\sampleopenglproject\debug\sampleop.c4ab5d61.tlog\cl.read.1.tlog
c:\users\bugra\desktop\cubeproject - 2 - kopya\sampleopenglproject\debug\sampleop.c4ab5d61.tlog\cl.write.1.tlog
c:\users\bugra\desktop\cubeproject - 2 - kopya\sampleopenglproject\debug\sampleop.c4ab5d61.tlog\link.command.1.tlog
c:\users\bugra\desktop\cubeproject - 2 - kopya\sampleopenglproject\debug\sampleop.c4ab5d61.tlog\link.read.1.tlog
c:\users\bugra\desktop\cubeproject - 2 - kopya\sampleopenglproject\debug\sampleop.c4ab5d61.tlog\link.write.1.tlog
